
> frontend@0.0.0 dev
> vite


  VITE v6.2.0  ready in 205 ms

  ➜  Local:   http://localhost:5173/
  ➜  Network: use --host to expose
2:00:42 PM [vite] (client) hmr update /src/components/MenuBar.tsx
2:01:58 PM [vite] (client) hmr update /src/components/MenuBar.tsx
2:03:06 PM [vite] (client) hmr update /src/components/MenuBar.tsx
2:04:07 PM [vite] (client) hmr update /src/components/MenuBar.tsx
2:04:46 PM [vite] (client) hmr update /src/components/MenuBar.tsx
2:05:38 PM [vite] (client) hmr update /src/App.tsx
2:05:51 PM [vite] (client) hmr update /src/App.tsx
2:06:02 PM [vite] (client) hmr update /src/App.tsx
2:06:11 PM [vite] (client) hmr update /src/components/MenuBar.tsx
2:08:02 PM [vite] (client) hmr update /src/components/MenuBar.tsx
2:09:31 PM [vite] (client) hmr update /src/components/MenuBar.tsx
2:09:32 PM [vite] (client) hmr update /src/components/MenuBar.tsx
2:09:42 PM [vite] (client) hmr update /src/components/MenuBar.tsx
2:09:50 PM [vite] (client) hmr update /src/components/MenuBar.tsx
2:13:15 PM [vite] (client) hmr update /src/components/MenuBar.tsx
2:15:01 PM [vite] (client) hmr update /src/components/MenuBar.tsx
2:15:12 PM [vite] (client) hmr update /src/components/MenuBar.tsx
2:16:53 PM [vite] (client) hmr update /src/components/MenuBar.tsx
2:17:00 PM [vite] (client) hmr update /src/components/MenuBar.tsx
2:17:00 PM [vite] (client) hmr update /src/components/MenuBar.tsx
2:17:37 PM [vite] (client) hmr update /src/components/MenuBar.tsx
2:18:33 PM [vite] (client) hmr update /src/components/MenuBar.tsx
2:18:42 PM [vite] (client) hmr update /src/components/MenuBar.tsx
2:19:22 PM [vite] (client) hmr update /src/components/MenuBar.tsx
2:20:39 PM [vite] (client) hmr update /src/components/MenuBar.tsx
2:23:05 PM [vite] (client) hmr update /src/components/MenuBar.tsx
2:23:14 PM [vite] (client) hmr update /src/components/MenuBar.tsx
2:23:14 PM [vite] (client) hmr update /src/components/MenuBar.tsx
2:24:51 PM [vite] (client) hmr update /src/components/styles/MenuBar.css
2:25:00 PM [vite] (client) hmr update /src/components/MenuBar.tsx
2:25:31 PM [vite] (client) hmr update /src/components/styles/MenuBar.css
2:25:38 PM [vite] (client) hmr update /src/components/MenuBar.tsx
2:27:06 PM [vite] (client) hmr update /src/components/styles/MenuBar.css
2:39:15 PM [vite] (client) hmr update /src/components/Canvas.tsx
2:39:24 PM [vite] (client) hmr update /src/components/Canvas.tsx
2:39:32 PM [vite] (client) hmr update /src/components/Canvas.tsx
2:39:49 PM [vite] (client) hmr update /src/components/Canvas.tsx
2:41:39 PM [vite] (client) hmr update /src/components/Canvas.tsx
2:42:52 PM [vite] (client) hmr update /src/components/Canvas.tsx
2:42:56 PM [vite] (client) hmr update /src/components/canvas/AlignmentGuides.tsx
2:45:31 PM [vite] (client) hmr update /src/components/Canvas.tsx
2:45:39 PM [vite] (client) hmr update /src/components/Canvas.tsx
2:45:57 PM [vite] (client) hmr update /src/components/Canvas.tsx
2:47:13 PM [vite] (client) hmr update /src/components/Canvas.tsx
2:50:06 PM [vite] (client) hmr update /src/components/Canvas.tsx
2:50:15 PM [vite] (client) hmr update /src/components/Canvas.tsx
2:50:15 PM [vite] (client) hmr update /src/components/Canvas.tsx
2:51:55 PM [vite] (client) hmr update /src/components/Canvas.tsx
2:53:23 PM [vite] (client) hmr update /src/components/Toolbar.tsx
2:53:49 PM [vite] (client) hmr update /src/components/Canvas.tsx
2:54:35 PM [vite] (client) hmr update /src/components/Toolbar.tsx
2:54:42 PM [vite] (client) hmr update /src/components/Toolbar.tsx
2:55:28 PM [vite] (client) hmr update /src/components/Canvas.tsx
2:55:39 PM [vite] (client) hmr update /src/components/Canvas.tsx
2:55:55 PM [vite] (client) hmr update /src/components/Canvas.tsx
2:56:29 PM [vite] (client) hmr update /src/components/Canvas.tsx
3:36:48 PM [vite] (client) hmr update /src/components/Canvas.tsx
3:37:51 PM [vite] (client) hmr update /src/components/Canvas.tsx
3:38:01 PM [vite] (client) hmr update /src/components/Toolbar.tsx
3:38:11 PM [vite] (client) hmr update /src/components/Toolbar.tsx
3:39:23 PM [vite] (client) hmr update /src/components/Canvas.tsx
3:40:38 PM [vite] (client) hmr update /src/components/Canvas.tsx
3:40:52 PM [vite] (client) hmr update /src/index.css
3:42:55 PM [vite] (client) hmr update /src/components/Toolbar.tsx
3:43:04 PM [vite] (client) hmr update /src/components/Toolbar.tsx
3:43:14 PM [vite] (client) hmr update /src/components/Canvas.tsx
3:43:32 PM [vite] (client) hmr update /src/components/Toolbar.tsx
3:43:40 PM [vite] (client) hmr update /src/components/Toolbar.tsx
4:04:57 PM [vite] (client) hmr update /src/components/Toolbar.tsx
4:05:09 PM [vite] (client) hmr update /src/components/Toolbar.tsx
4:07:12 PM [vite] (client) hmr update /src/components/Toolbar.tsx
4:07:21 PM [vite] (client) hmr update /src/components/Toolbar.tsx
4:07:32 PM [vite] (client) hmr update /src/components/Canvas.tsx
4:07:41 PM [vite] (client) hmr update /src/components/Canvas.tsx
4:07:50 PM [vite] (client) hmr update /src/index.css
4:08:00 PM [vite] (client) hmr update /src/index.css
4:08:14 PM [vite] (client) hmr update /src/index.css
4:08:21 PM [vite] (client) hmr update /src/index.css
4:10:09 PM [vite] (client) hmr update /src/components/Toolbar.tsx
4:10:20 PM [vite] (client) hmr update /src/components/Toolbar.tsx
4:12:36 PM [vite] (client) hmr update /src/components/Toolbar.tsx
4:12:46 PM [vite] (client) hmr update /src/components/Toolbar.tsx
4:14:27 PM [vite] (client) hmr update /src/components/Toolbar.tsx
4:14:38 PM [vite] (client) hmr update /src/components/Toolbar.tsx
4:14:49 PM [vite] (client) hmr update /src/index.css
4:14:57 PM [vite] (client) hmr update /src/components/Canvas.tsx
4:14:57 PM [vite] (client) hmr update /src/components/Canvas.tsx
4:15:44 PM [vite] (client) hmr update /src/components/Toolbar.tsx
4:15:53 PM [vite] (client) hmr update /src/components/Toolbar.tsx
4:16:02 PM [vite] (client) hmr update /src/components/Toolbar.tsx
4:16:11 PM [vite] (client) hmr update /src/components/Toolbar.tsx
4:16:11 PM [vite] Internal server error: /Users/josephvanliew/Documents/GVSU/2024 Spring/Software_Testing/Assignments/PATS/frontend/src/components/Toolbar.tsx: Unexpected token, expected "," (336:8)

  334 |         </div>
  335 |         
> 336 |         {/* Custom drag preview */}
      |         ^
  337 |         {dragPreview && dragPreview.visible && (
  338 |             <div
  339 |                 style={{
  Plugin: vite:react-babel
  File: /Users/josephvanliew/Documents/GVSU/2024 Spring/Software_Testing/Assignments/PATS/frontend/src/components/Toolbar.tsx:336:8
  334|          </div>
  335|          
  336|          {/* Custom drag preview */}
     |          ^
  337|          {dragPreview && dragPreview.visible && (
  338|              <div
      at constructor (/Users/josephvanliew/Documents/GVSU/2024 Spring/Software_Testing/Assignments/PATS/frontend/node_modules/@babel/parser/lib/index.js:359:19)
      at TypeScriptParserMixin.raise (/Users/josephvanliew/Documents/GVSU/2024 Spring/Software_Testing/Assignments/PATS/frontend/node_modules/@babel/parser/lib/index.js:3327:19)
      at TypeScriptParserMixin.unexpected (/Users/josephvanliew/Documents/GVSU/2024 Spring/Software_Testing/Assignments/PATS/frontend/node_modules/@babel/parser/lib/index.js:3347:16)
      at TypeScriptParserMixin.expect (/Users/josephvanliew/Documents/GVSU/2024 Spring/Software_Testing/Assignments/PATS/frontend/node_modules/@babel/parser/lib/index.js:3657:12)
      at TypeScriptParserMixin.parseParenAndDistinguishExpression (/Users/josephvanliew/Documents/GVSU/2024 Spring/Software_Testing/Assignments/PATS/frontend/node_modules/@babel/parser/lib/index.js:11314:14)
      at TypeScriptParserMixin.parseExprAtom (/Users/josephvanliew/Documents/GVSU/2024 Spring/Software_Testing/Assignments/PATS/frontend/node_modules/@babel/parser/lib/index.js:10982:23)
      at TypeScriptParserMixin.parseExprAtom (/Users/josephvanliew/Documents/GVSU/2024 Spring/Software_Testing/Assignments/PATS/frontend/node_modules/@babel/parser/lib/index.js:6937:20)
      at TypeScriptParserMixin.parseExprSubscripts (/Users/josephvanliew/Documents/GVSU/2024 Spring/Software_Testing/Assignments/PATS/frontend/node_modules/@babel/parser/lib/index.js:10734:23)
      at TypeScriptParserMixin.parseUpdate (/Users/josephvanliew/Documents/GVSU/2024 Spring/Software_Testing/Assignments/PATS/frontend/node_modules/@babel/parser/lib/index.js:10719:21)
      at TypeScriptParserMixin.parseMaybeUnary (/Users/josephvanliew/Documents/GVSU/2024 Spring/Software_Testing/Assignments/PATS/frontend/node_modules/@babel/parser/lib/index.js:10699:23)
      at TypeScriptParserMixin.parseMaybeUnary (/Users/josephvanliew/Documents/GVSU/2024 Spring/Software_Testing/Assignments/PATS/frontend/node_modules/@babel/parser/lib/index.js:9649:18)
      at TypeScriptParserMixin.parseMaybeUnaryOrPrivate (/Users/josephvanliew/Documents/GVSU/2024 Spring/Software_Testing/Assignments/PATS/frontend/node_modules/@babel/parser/lib/index.js:10553:61)
      at TypeScriptParserMixin.parseExprOps (/Users/josephvanliew/Documents/GVSU/2024 Spring/Software_Testing/Assignments/PATS/frontend/node_modules/@babel/parser/lib/index.js:10558:23)
      at TypeScriptParserMixin.parseMaybeConditional (/Users/josephvanliew/Documents/GVSU/2024 Spring/Software_Testing/Assignments/PATS/frontend/node_modules/@babel/parser/lib/index.js:10535:23)
      at TypeScriptParserMixin.parseMaybeAssign (/Users/josephvanliew/Documents/GVSU/2024 Spring/Software_Testing/Assignments/PATS/frontend/node_modules/@babel/parser/lib/index.js:10498:21)
      at TypeScriptParserMixin.parseMaybeAssign (/Users/josephvanliew/Documents/GVSU/2024 Spring/Software_Testing/Assignments/PATS/frontend/node_modules/@babel/parser/lib/index.js:9598:20)
      at TypeScriptParserMixin.parseExpressionBase (/Users/josephvanliew/Documents/GVSU/2024 Spring/Software_Testing/Assignments/PATS/frontend/node_modules/@babel/parser/lib/index.js:10452:23)
      at /Users/josephvanliew/Documents/GVSU/2024 Spring/Software_Testing/Assignments/PATS/frontend/node_modules/@babel/parser/lib/index.js:10448:39
      at TypeScriptParserMixin.allowInAnd (/Users/josephvanliew/Documents/GVSU/2024 Spring/Software_Testing/Assignments/PATS/frontend/node_modules/@babel/parser/lib/index.js:12064:16)
      at TypeScriptParserMixin.parseExpression (/Users/josephvanliew/Documents/GVSU/2024 Spring/Software_Testing/Assignments/PATS/frontend/node_modules/@babel/parser/lib/index.js:10448:17)
      at TypeScriptParserMixin.parseReturnStatement (/Users/josephvanliew/Documents/GVSU/2024 Spring/Software_Testing/Assignments/PATS/frontend/node_modules/@babel/parser/lib/index.js:12755:28)
      at TypeScriptParserMixin.parseStatementContent (/Users/josephvanliew/Documents/GVSU/2024 Spring/Software_Testing/Assignments/PATS/frontend/node_modules/@babel/parser/lib/index.js:12406:21)
      at TypeScriptParserMixin.parseStatementContent (/Users/josephvanliew/Documents/GVSU/2024 Spring/Software_Testing/Assignments/PATS/frontend/node_modules/@babel/parser/lib/index.js:9321:18)
      at TypeScriptParserMixin.parseStatementLike (/Users/josephvanliew/Documents/GVSU/2024 Spring/Software_Testing/Assignments/PATS/frontend/node_modules/@babel/parser/lib/index.js:12375:17)
      at TypeScriptParserMixin.parseStatementListItem (/Users/josephvanliew/Documents/GVSU/2024 Spring/Software_Testing/Assignments/PATS/frontend/node_modules/@babel/parser/lib/index.js:12355:17)
      at TypeScriptParserMixin.parseBlockOrModuleBlockBody (/Users/josephvanliew/Documents/GVSU/2024 Spring/Software_Testing/Assignments/PATS/frontend/node_modules/@babel/parser/lib/index.js:12929:61)
      at TypeScriptParserMixin.parseBlockBody (/Users/josephvanliew/Documents/GVSU/2024 Spring/Software_Testing/Assignments/PATS/frontend/node_modules/@babel/parser/lib/index.js:12922:10)
      at TypeScriptParserMixin.parseBlock (/Users/josephvanliew/Documents/GVSU/2024 Spring/Software_Testing/Assignments/PATS/frontend/node_modules/@babel/parser/lib/index.js:12910:10)
      at TypeScriptParserMixin.parseFunctionBody (/Users/josephvanliew/Documents/GVSU/2024 Spring/Software_Testing/Assignments/PATS/frontend/node_modules/@babel/parser/lib/index.js:11752:24)
      at TypeScriptParserMixin.parseArrowExpression (/Users/josephvanliew/Documents/GVSU/2024 Spring/Software_Testing/Assignments/PATS/frontend/node_modules/@babel/parser/lib/index.js:11727:10)
      at TypeScriptParserMixin.parseParenAndDistinguishExpression (/Users/josephvanliew/Documents/GVSU/2024 Spring/Software_Testing/Assignments/PATS/frontend/node_modules/@babel/parser/lib/index.js:11340:12)
      at TypeScriptParserMixin.parseExprAtom (/Users/josephvanliew/Documents/GVSU/2024 Spring/Software_Testing/Assignments/PATS/frontend/node_modules/@babel/parser/lib/index.js:10982:23)
      at TypeScriptParserMixin.parseExprAtom (/Users/josephvanliew/Documents/GVSU/2024 Spring/Software_Testing/Assignments/PATS/frontend/node_modules/@babel/parser/lib/index.js:6937:20)
      at TypeScriptParserMixin.parseExprSubscripts (/Users/josephvanliew/Documents/GVSU/2024 Spring/Software_Testing/Assignments/PATS/frontend/node_modules/@babel/parser/lib/index.js:10734:23)
      at TypeScriptParserMixin.parseUpdate (/Users/josephvanliew/Documents/GVSU/2024 Spring/Software_Testing/Assignments/PATS/frontend/node_modules/@babel/parser/lib/index.js:10719:21)
      at TypeScriptParserMixin.parseMaybeUnary (/Users/josephvanliew/Documents/GVSU/2024 Spring/Software_Testing/Assignments/PATS/frontend/node_modules/@babel/parser/lib/index.js:10699:23)
      at TypeScriptParserMixin.parseMaybeUnary (/Users/josephvanliew/Documents/GVSU/2024 Spring/Software_Testing/Assignments/PATS/frontend/node_modules/@babel/parser/lib/index.js:9649:18)
      at TypeScriptParserMixin.parseMaybeUnaryOrPrivate (/Users/josephvanliew/Documents/GVSU/2024 Spring/Software_Testing/Assignments/PATS/frontend/node_modules/@babel/parser/lib/index.js:10553:61)
      at TypeScriptParserMixin.parseExprOps (/Users/josephvanliew/Documents/GVSU/2024 Spring/Software_Testing/Assignments/PATS/frontend/node_modules/@babel/parser/lib/index.js:10558:23)
      at TypeScriptParserMixin.parseMaybeConditional (/Users/josephvanliew/Documents/GVSU/2024 Spring/Software_Testing/Assignments/PATS/frontend/node_modules/@babel/parser/lib/index.js:10535:23)
      at TypeScriptParserMixin.parseMaybeAssign (/Users/josephvanliew/Documents/GVSU/2024 Spring/Software_Testing/Assignments/PATS/frontend/node_modules/@babel/parser/lib/index.js:10498:21)
      at TypeScriptParserMixin.parseMaybeAssign (/Users/josephvanliew/Documents/GVSU/2024 Spring/Software_Testing/Assignments/PATS/frontend/node_modules/@babel/parser/lib/index.js:9598:20)
      at /Users/josephvanliew/Documents/GVSU/2024 Spring/Software_Testing/Assignments/PATS/frontend/node_modules/@babel/parser/lib/index.js:10468:39
      at TypeScriptParserMixin.allowInAnd (/Users/josephvanliew/Documents/GVSU/2024 Spring/Software_Testing/Assignments/PATS/frontend/node_modules/@babel/parser/lib/index.js:12064:16)
      at TypeScriptParserMixin.parseMaybeAssignAllowIn (/Users/josephvanliew/Documents/GVSU/2024 Spring/Software_Testing/Assignments/PATS/frontend/node_modules/@babel/parser/lib/index.js:10468:17)
      at TypeScriptParserMixin.parseVar (/Users/josephvanliew/Documents/GVSU/2024 Spring/Software_Testing/Assignments/PATS/frontend/node_modules/@babel/parser/lib/index.js:12997:91)
      at TypeScriptParserMixin.parseVarStatement (/Users/josephvanliew/Documents/GVSU/2024 Spring/Software_Testing/Assignments/PATS/frontend/node_modules/@babel/parser/lib/index.js:12843:10)
      at TypeScriptParserMixin.parseVarStatement (/Users/josephvanliew/Documents/GVSU/2024 Spring/Software_Testing/Assignments/PATS/frontend/node_modules/@babel/parser/lib/index.js:9291:31)
      at TypeScriptParserMixin.parseStatementContent (/Users/josephvanliew/Documents/GVSU/2024 Spring/Software_Testing/Assignments/PATS/frontend/node_modules/@babel/parser/lib/index.js:12458:23)
      at TypeScriptParserMixin.parseStatementContent (/Users/josephvanliew/Documents/GVSU/2024 Spring/Software_Testing/Assignments/PATS/frontend/node_modules/@babel/parser/lib/index.js:9321:18)
4:16:52 PM [vite] (client) hmr update /src/components/Toolbar.tsx
4:17:00 PM [vite] (client) hmr update /src/index.css
4:17:07 PM [vite] (client) hmr update /src/index.css
4:17:14 PM [vite] (client) hmr update /src/index.css
4:17:24 PM [vite] (client) hmr update /src/index.css
4:17:33 PM [vite] (client) hmr update /src/index.css
4:17:45 PM [vite] (client) hmr update /src/components/Canvas.tsx
4:27:05 PM [vite] (client) hmr update /src/components/Toolbar.tsx
4:27:12 PM [vite] (client) hmr update /src/components/Toolbar.tsx
4:27:20 PM [vite] (client) hmr update /src/components/Toolbar.tsx
4:28:57 PM [vite] (client) hmr update /src/components/Toolbar.tsx
4:34:30 PM [vite] (client) hmr update /src/components/Toolbar.tsx
4:36:00 PM [vite] (client) hmr update /src/components/Toolbar.tsx
4:36:09 PM [vite] (client) hmr update /src/components/Toolbar.tsx
4:36:20 PM [vite] (client) hmr update /src/components/Canvas.tsx
4:36:31 PM [vite] (client) hmr update /src/components/Canvas.tsx
4:37:57 PM [vite] (client) hmr update /src/components/Canvas.tsx
4:38:24 PM [vite] (client) hmr update /src/components/Canvas.tsx
4:38:52 PM [vite] (client) hmr update /src/components/Canvas.tsx
4:39:00 PM [vite] (client) hmr update /src/components/Canvas.tsx
4:39:02 PM [vite] (client) hmr update /src/App.tsx, /src/components/Canvas.tsx, /src/components/canvas/Grid.tsx
4:39:03 PM [vite] (client) hmr update /src/App.tsx
4:39:06 PM [vite] (client) hmr update /src/components/MenuBar.tsx
4:39:07 PM [vite] (client) hmr update /src/components/styles/MenuBar.css
4:39:08 PM [vite] (client) hmr update /src/components/canvas/AlignmentGuides.tsx
4:39:10 PM [vite] (client) hmr update /src/index.css
4:39:11 PM [vite] (client) hmr update /src/components/Toolbar.tsx
4:39:13 PM [vite] (client) hmr update /src/components/Canvas.tsx
4:40:41 PM [vite] (client) hmr update /src/components/Canvas.tsx
4:40:56 PM [vite] (client) hmr update /src/components/Canvas.tsx
4:41:06 PM [vite] (client) hmr update /src/components/Canvas.tsx
4:41:58 PM [vite] (client) hmr update /src/components/elements/Place.tsx
4:42:07 PM [vite] (client) hmr update /src/components/elements/Place.tsx
4:42:16 PM [vite] (client) hmr update /src/components/elements/Transition.tsx
4:44:15 PM [vite] (client) hmr update /src/components/elements/Place.tsx
4:44:23 PM [vite] (client) hmr update /src/components/elements/Transition.tsx
4:44:38 PM [vite] (client) hmr update /src/components/elements/Transition.tsx
4:45:17 PM [vite] (client) hmr update /src/components/Canvas.tsx
4:45:19 PM [vite] (client) hmr update /src/components/elements/Place.tsx
4:45:21 PM [vite] (client) hmr update /src/components/elements/Transition.tsx
4:45:29 PM [vite] (client) hmr update /src/components/elements/Place.tsx
4:45:38 PM [vite] (client) hmr update /src/components/elements/Place.tsx
4:45:46 PM [vite] (client) hmr update /src/components/elements/Place.tsx
4:45:55 PM [vite] (client) hmr update /src/components/elements/Transition.tsx
4:46:05 PM [vite] (client) hmr update /src/components/Canvas.tsx
4:46:24 PM [vite] (client) hmr update /src/components/elements/Place.tsx
4:46:26 PM [vite] (client) hmr update /src/components/elements/Transition.tsx
4:46:30 PM [vite] (client) hmr update /src/components/Canvas.tsx
4:54:06 PM [vite] (client) hmr update /src/components/Canvas.tsx
5:00:37 PM [vite] (client) hmr update /src/components/Canvas.tsx
5:00:45 PM [vite] (client) hmr update /src/components/Canvas.tsx
5:19:25 PM [vite] (client) hmr update /src/components/Canvas.tsx
5:22:40 PM [vite] (client) hmr update /src/components/styles/MenuBar.css
5:22:50 PM [vite] (client) hmr update /src/components/styles/LeftSidebar.css
5:23:21 PM [vite] (client) hmr update /src/components/styles/PagesComponent.css
5:23:55 PM [vite] (client) hmr update /src/components/styles/Place.css
5:23:56 PM [vite] (client) hmr update /src/components/styles/AnalysisTool.css
5:23:57 PM [vite] (client) hmr update /src/components/styles/JSONViewer.css
5:24:47 PM [vite] (client) hmr update /src/components/styles/Toolbar.css
5:33:37 PM [vite] (client) hmr update /src/components/Title.tsx
5:33:53 PM [vite] (client) hmr update /src/components/Title.tsx
5:34:29 PM [vite] (client) hmr update /src/App.tsx, /src/components/Canvas.tsx, /src/components/canvas/Grid.tsx
5:34:50 PM [vite] (client) hmr update /src/components/elements/AnimatedToken.tsx
5:34:53 PM [vite] (client) hmr update /src/components/elements/TokenAnimations.tsx
5:35:00 PM [vite] (client) hmr update /src/components/elements/TokenAnimations.tsx
5:35:00 PM [vite] Internal server error: /Users/josephvanliew/Documents/GVSU/2024 Spring/Software_Testing/Assignments/PATS/frontend/src/components/elements/TokenAnimations.tsx: Unexpected token, expected "jsxTagEnd" (57:28)

  55 |                             cy={place.y}
  56 |                             r={place.radius + 2} /
> 57 |                             fill="black"
     |                             ^
  58 |                         />
  59 |                     </mask>
  60 |                 ))}
  Plugin: vite:react-babel
  File: /Users/josephvanliew/Documents/GVSU/2024 Spring/Software_Testing/Assignments/PATS/frontend/src/components/elements/TokenAnimations.tsx:57:28
  55 |                              cy={place.y}
  56 |                              r={place.radius + 2} /
  57 |                              fill="black"
     |                              ^
  58 |                          />
  59 |                      </mask>
      at constructor (/Users/josephvanliew/Documents/GVSU/2024 Spring/Software_Testing/Assignments/PATS/frontend/node_modules/@babel/parser/lib/index.js:359:19)
      at TypeScriptParserMixin.raise (/Users/josephvanliew/Documents/GVSU/2024 Spring/Software_Testing/Assignments/PATS/frontend/node_modules/@babel/parser/lib/index.js:3327:19)
      at TypeScriptParserMixin.unexpected (/Users/josephvanliew/Documents/GVSU/2024 Spring/Software_Testing/Assignments/PATS/frontend/node_modules/@babel/parser/lib/index.js:3347:16)
      at TypeScriptParserMixin.expect (/Users/josephvanliew/Documents/GVSU/2024 Spring/Software_Testing/Assignments/PATS/frontend/node_modules/@babel/parser/lib/index.js:3657:12)
      at TypeScriptParserMixin.jsxParseOpeningElementAfterName (/Users/josephvanliew/Documents/GVSU/2024 Spring/Software_Testing/Assignments/PATS/frontend/node_modules/@babel/parser/lib/index.js:6844:10)
      at TypeScriptParserMixin.jsxParseOpeningElementAfterName (/Users/josephvanliew/Documents/GVSU/2024 Spring/Software_Testing/Assignments/PATS/frontend/node_modules/@babel/parser/lib/index.js:9862:18)
      at TypeScriptParserMixin.jsxParseOpeningElementAt (/Users/josephvanliew/Documents/GVSU/2024 Spring/Software_Testing/Assignments/PATS/frontend/node_modules/@babel/parser/lib/index.js:6835:17)
      at TypeScriptParserMixin.jsxParseElementAt (/Users/josephvanliew/Documents/GVSU/2024 Spring/Software_Testing/Assignments/PATS/frontend/node_modules/@babel/parser/lib/index.js:6859:33)
      at TypeScriptParserMixin.jsxParseElementAt (/Users/josephvanliew/Documents/GVSU/2024 Spring/Software_Testing/Assignments/PATS/frontend/node_modules/@babel/parser/lib/index.js:6871:32)
      at TypeScriptParserMixin.jsxParseElement (/Users/josephvanliew/Documents/GVSU/2024 Spring/Software_Testing/Assignments/PATS/frontend/node_modules/@babel/parser/lib/index.js:6922:17)
      at TypeScriptParserMixin.parseExprAtom (/Users/josephvanliew/Documents/GVSU/2024 Spring/Software_Testing/Assignments/PATS/frontend/node_modules/@babel/parser/lib/index.js:6932:19)
      at TypeScriptParserMixin.parseExprSubscripts (/Users/josephvanliew/Documents/GVSU/2024 Spring/Software_Testing/Assignments/PATS/frontend/node_modules/@babel/parser/lib/index.js:10734:23)
      at TypeScriptParserMixin.parseUpdate (/Users/josephvanliew/Documents/GVSU/2024 Spring/Software_Testing/Assignments/PATS/frontend/node_modules/@babel/parser/lib/index.js:10719:21)
      at TypeScriptParserMixin.parseMaybeUnary (/Users/josephvanliew/Documents/GVSU/2024 Spring/Software_Testing/Assignments/PATS/frontend/node_modules/@babel/parser/lib/index.js:10699:23)
      at TypeScriptParserMixin.parseMaybeUnary (/Users/josephvanliew/Documents/GVSU/2024 Spring/Software_Testing/Assignments/PATS/frontend/node_modules/@babel/parser/lib/index.js:9649:18)
      at TypeScriptParserMixin.parseMaybeUnaryOrPrivate (/Users/josephvanliew/Documents/GVSU/2024 Spring/Software_Testing/Assignments/PATS/frontend/node_modules/@babel/parser/lib/index.js:10553:61)
      at TypeScriptParserMixin.parseExprOps (/Users/josephvanliew/Documents/GVSU/2024 Spring/Software_Testing/Assignments/PATS/frontend/node_modules/@babel/parser/lib/index.js:10558:23)
      at TypeScriptParserMixin.parseMaybeConditional (/Users/josephvanliew/Documents/GVSU/2024 Spring/Software_Testing/Assignments/PATS/frontend/node_modules/@babel/parser/lib/index.js:10535:23)
      at TypeScriptParserMixin.parseMaybeAssign (/Users/josephvanliew/Documents/GVSU/2024 Spring/Software_Testing/Assignments/PATS/frontend/node_modules/@babel/parser/lib/index.js:10498:21)
      at /Users/josephvanliew/Documents/GVSU/2024 Spring/Software_Testing/Assignments/PATS/frontend/node_modules/@babel/parser/lib/index.js:9587:39
      at TypeScriptParserMixin.tryParse (/Users/josephvanliew/Documents/GVSU/2024 Spring/Software_Testing/Assignments/PATS/frontend/node_modules/@babel/parser/lib/index.js:3665:20)
      at TypeScriptParserMixin.parseMaybeAssign (/Users/josephvanliew/Documents/GVSU/2024 Spring/Software_Testing/Assignments/PATS/frontend/node_modules/@babel/parser/lib/index.js:9587:18)
      at /Users/josephvanliew/Documents/GVSU/2024 Spring/Software_Testing/Assignments/PATS/frontend/node_modules/@babel/parser/lib/index.js:10468:39
      at TypeScriptParserMixin.allowInAnd (/Users/josephvanliew/Documents/GVSU/2024 Spring/Software_Testing/Assignments/PATS/frontend/node_modules/@babel/parser/lib/index.js:12069:12)
      at TypeScriptParserMixin.parseMaybeAssignAllowIn (/Users/josephvanliew/Documents/GVSU/2024 Spring/Software_Testing/Assignments/PATS/frontend/node_modules/@babel/parser/lib/index.js:10468:17)
      at TypeScriptParserMixin.parseParenAndDistinguishExpression (/Users/josephvanliew/Documents/GVSU/2024 Spring/Software_Testing/Assignments/PATS/frontend/node_modules/@babel/parser/lib/index.js:11328:28)
      at TypeScriptParserMixin.parseExprAtom (/Users/josephvanliew/Documents/GVSU/2024 Spring/Software_Testing/Assignments/PATS/frontend/node_modules/@babel/parser/lib/index.js:10982:23)
      at TypeScriptParserMixin.parseExprAtom (/Users/josephvanliew/Documents/GVSU/2024 Spring/Software_Testing/Assignments/PATS/frontend/node_modules/@babel/parser/lib/index.js:6937:20)
      at TypeScriptParserMixin.parseExprSubscripts (/Users/josephvanliew/Documents/GVSU/2024 Spring/Software_Testing/Assignments/PATS/frontend/node_modules/@babel/parser/lib/index.js:10734:23)
      at TypeScriptParserMixin.parseUpdate (/Users/josephvanliew/Documents/GVSU/2024 Spring/Software_Testing/Assignments/PATS/frontend/node_modules/@babel/parser/lib/index.js:10719:21)
      at TypeScriptParserMixin.parseMaybeUnary (/Users/josephvanliew/Documents/GVSU/2024 Spring/Software_Testing/Assignments/PATS/frontend/node_modules/@babel/parser/lib/index.js:10699:23)
      at TypeScriptParserMixin.parseMaybeUnary (/Users/josephvanliew/Documents/GVSU/2024 Spring/Software_Testing/Assignments/PATS/frontend/node_modules/@babel/parser/lib/index.js:9649:18)
      at TypeScriptParserMixin.parseMaybeUnaryOrPrivate (/Users/josephvanliew/Documents/GVSU/2024 Spring/Software_Testing/Assignments/PATS/frontend/node_modules/@babel/parser/lib/index.js:10553:61)
      at TypeScriptParserMixin.parseExprOps (/Users/josephvanliew/Documents/GVSU/2024 Spring/Software_Testing/Assignments/PATS/frontend/node_modules/@babel/parser/lib/index.js:10558:23)
      at TypeScriptParserMixin.parseMaybeConditional (/Users/josephvanliew/Documents/GVSU/2024 Spring/Software_Testing/Assignments/PATS/frontend/node_modules/@babel/parser/lib/index.js:10535:23)
      at TypeScriptParserMixin.parseMaybeAssign (/Users/josephvanliew/Documents/GVSU/2024 Spring/Software_Testing/Assignments/PATS/frontend/node_modules/@babel/parser/lib/index.js:10498:21)
      at TypeScriptParserMixin.parseMaybeAssign (/Users/josephvanliew/Documents/GVSU/2024 Spring/Software_Testing/Assignments/PATS/frontend/node_modules/@babel/parser/lib/index.js:9598:20)
      at TypeScriptParserMixin.parseFunctionBody (/Users/josephvanliew/Documents/GVSU/2024 Spring/Software_Testing/Assignments/PATS/frontend/node_modules/@babel/parser/lib/index.js:11745:24)
      at TypeScriptParserMixin.parseArrowExpression (/Users/josephvanliew/Documents/GVSU/2024 Spring/Software_Testing/Assignments/PATS/frontend/node_modules/@babel/parser/lib/index.js:11727:10)
      at TypeScriptParserMixin.parseExprAtom (/Users/josephvanliew/Documents/GVSU/2024 Spring/Software_Testing/Assignments/PATS/frontend/node_modules/@babel/parser/lib/index.js:11098:25)
      at TypeScriptParserMixin.parseExprAtom (/Users/josephvanliew/Documents/GVSU/2024 Spring/Software_Testing/Assignments/PATS/frontend/node_modules/@babel/parser/lib/index.js:6937:20)
      at TypeScriptParserMixin.parseExprSubscripts (/Users/josephvanliew/Documents/GVSU/2024 Spring/Software_Testing/Assignments/PATS/frontend/node_modules/@babel/parser/lib/index.js:10734:23)
      at TypeScriptParserMixin.parseUpdate (/Users/josephvanliew/Documents/GVSU/2024 Spring/Software_Testing/Assignments/PATS/frontend/node_modules/@babel/parser/lib/index.js:10719:21)
      at TypeScriptParserMixin.parseMaybeUnary (/Users/josephvanliew/Documents/GVSU/2024 Spring/Software_Testing/Assignments/PATS/frontend/node_modules/@babel/parser/lib/index.js:10699:23)
      at TypeScriptParserMixin.parseMaybeUnary (/Users/josephvanliew/Documents/GVSU/2024 Spring/Software_Testing/Assignments/PATS/frontend/node_modules/@babel/parser/lib/index.js:9649:18)
      at TypeScriptParserMixin.parseMaybeUnaryOrPrivate (/Users/josephvanliew/Documents/GVSU/2024 Spring/Software_Testing/Assignments/PATS/frontend/node_modules/@babel/parser/lib/index.js:10553:61)
      at TypeScriptParserMixin.parseExprOps (/Users/josephvanliew/Documents/GVSU/2024 Spring/Software_Testing/Assignments/PATS/frontend/node_modules/@babel/parser/lib/index.js:10558:23)
      at TypeScriptParserMixin.parseMaybeConditional (/Users/josephvanliew/Documents/GVSU/2024 Spring/Software_Testing/Assignments/PATS/frontend/node_modules/@babel/parser/lib/index.js:10535:23)
      at TypeScriptParserMixin.parseMaybeAssign (/Users/josephvanliew/Documents/GVSU/2024 Spring/Software_Testing/Assignments/PATS/frontend/node_modules/@babel/parser/lib/index.js:10498:21)
      at TypeScriptParserMixin.parseMaybeAssign (/Users/josephvanliew/Documents/GVSU/2024 Spring/Software_Testing/Assignments/PATS/frontend/node_modules/@babel/parser/lib/index.js:9598:20)
5:35:02 PM [vite] (client) hmr update /src/components/elements/TokenAnimations.tsx
